<?xml version="1.0" encoding="UTF-8"?>
<!-- Generated by org.testng.reporters.JUnitReportReporter -->
<testsuite hostname="DESKTOP-TNSRH5B" failures="0" tests="1" name="testScripts.ContactTest" time="27.543" errors="0" timestamp="2021-03-11T12:15:02 IST" skipped="0">
  <testcase classname="testScripts.ContactTest" name="newContactTest" time="27.543"/>
  <system-out/>
</testsuite> <!-- testScripts.ContactTest -->
